
RAxML-NG v. 1.0.2 released on 22.02.2021 by The Exelixis Lab.
Developed by: Alexey M. Kozlov and Alexandros Stamatakis.
Contributors: Diego Darriba, Tomas Flouri, Benoit Morel, Sarah Lutteropp, Ben Bettisworth.
Latest version: https://github.com/amkozlov/raxml-ng
Questions/problems/suggestions? Please visit: https://groups.google.com/forum/#!forum/raxml

System: Intel(R) Xeon(R) CPU E5-2650 0 @ 2.00GHz, 16 cores, 125 GB RAM

RAxML-NG was called at 12-Apr-2021 12:16:39 as follows:

raxml-ng --evaluate --msa arms2.aln.fsa --threads 2 --model GTR+G --tree all.raxml.bestTree --prefix ml

Analysis options:
  run mode: Evaluate tree likelihood
  start tree(s): user
  random seed: 1618247799
  tip-inner: OFF
  pattern compression: ON
  per-rate scalers: OFF
  site repeats: ON
  branch lengths: proportional (ML estimate, algorithm: NR-FAST)
  SIMD kernels: AVX
  parallelization: coarse-grained (auto), PTHREADS (2 threads), thread pinning: OFF

[00:00:00] Reading alignment from file: arms2.aln.fsa
[00:00:00] Loaded alignment with 14 taxa and 826 sites

Alignment comprises 1 partitions and 227 patterns

Partition 0: noname
Model: GTR+FO+G4m
Alignment sites / patterns: 826 / 227
Gaps: 15.95 %
Invariant sites: 76.15 %


NOTE: Binary MSA file created: ml.raxml.rba

Parallelization scheme autoconfig: 1 worker(s) x 2 thread(s)

Parallel reduction/worker buffer size: 1 KB  / 0 KB

[00:00:00] Loading user starting tree(s) from: all.raxml.bestTree
[00:00:00] Data distribution: max. partitions/sites/weight per thread: 1 / 114 / 1824
[00:00:00] Data distribution: max. searches per worker: 1

Evaluating 1 trees

[00:00:00] Tree #1, initial LogLikelihood: -2552.162266

[00:00:00 -2552.162266] Initial branch length optimization
[00:00:00 -2552.092856] Model parameter optimization (eps = 0.100000)

[00:00:00] Tree #1, final logLikelihood: -2480.384237


Optimized model parameters:

   Partition 0: noname
   Rate heterogeneity: GAMMA (4 cats, mean),  alpha: 1.248107 (ML),  weights&rates: (0.250000,0.183663) (0.250000,0.540447) (0.250000,1.031431) (0.250000,2.244459) 
   Base frequencies (ML): 0.231231 0.309631 0.209238 0.249900 
   Substitution rates (ML): 1.220603 4.628370 0.503160 0.983138 3.561479 1.000000 


Final LogLikelihood: -2480.384237

AIC score: 5028.768474 / AICc score: 5031.777323 / BIC score: 5189.132696
Free parameters (model + branch lengths): 34

Best ML tree saved to: /home/zeruiz/proj_ml/ml.raxml.bestTree
Optimized model saved to: /home/zeruiz/proj_ml/ml.raxml.bestModel

Execution log saved to: /home/zeruiz/proj_ml/ml.raxml.log

Analysis started: 12-Apr-2021 12:16:39 / finished: 12-Apr-2021 12:16:39

Elapsed time: 0.118 seconds

